<?xml version="1.0" encoding="UTF-8"?>
<testsuite xmlns:xsi="http://www.w3.org/2001/XMLSchema-instance" xsi:noNamespaceSchemaLocation="https://maven.apache.org/surefire/maven-surefire-plugin/xsd/surefire-test-report-3.0.xsd" version="3.0" name="SyntaxTest.ParserTest" time="0.026" tests="16" errors="0" skipped="0" failures="0">
  <properties>
[...]
</properties>
  <testcase name="invalidSyntaxTest" classname="SyntaxTest.ParserTest" time="0.008">
    <system-out><![CDATA[Starting parse process with tokens:
]]></system-out>
  </testcase>
  <testcase name="divisionTest" classname="SyntaxTest.ParserTest" time="0.001">
    <system-out><![CDATA[Starting parse process with tokens:
]]></system-out>
  </testcase>
  <testcase name="stringSpace" classname="SyntaxTest.ParserTest" time="0.001">
    <system-out><![CDATA[Starting parse process with tokens:
]]></system-out>
  </testcase>
  <testcase name="additionTest" classname="SyntaxTest.ParserTest" time="0.001">
    <system-out><![CDATA[Starting parse process with tokens:
]]></system-out>
  </testcase>
  <testcase name="multiplicationTest" classname="SyntaxTest.ParserTest" time="0.001">
    <system-out><![CDATA[Starting parse process with tokens:
]]></system-out>
  </testcase>
  <testcase name="caseSensitivePrint" classname="SyntaxTest.ParserTest" time="0.0">
    <system-out><![CDATA[Starting parse process with tokens:
]]></system-out>
  </testcase>
  <testcase name="invalidVarTest" classname="SyntaxTest.ParserTest" time="0.001">
    <system-out><![CDATA[Starting parse process with tokens:
]]></system-out>
  </testcase>
  <testcase name="binaryParamsTest" classname="SyntaxTest.ParserTest" time="0.001">
    <system-out><![CDATA[Starting parse process with tokens:
]]></system-out>
  </testcase>
  <testcase name="specialCharacterStringLiteral" classname="SyntaxTest.ParserTest" time="0.0">
    <system-out><![CDATA[Starting parse process with tokens:
]]></system-out>
  </testcase>
  <testcase name="subtractionTest" classname="SyntaxTest.ParserTest" time="0.001">
    <system-out><![CDATA[Starting parse process with tokens:
]]></system-out>
  </testcase>
  <testcase name="binaryAssignTest" classname="SyntaxTest.ParserTest" time="0.001">
    <system-out><![CDATA[Starting parse process with tokens:
]]></system-out>
  </testcase>
  <testcase name="emptyStringLiteral" classname="SyntaxTest.ParserTest" time="0.0">
    <system-out><![CDATA[Starting parse process with tokens:
]]></system-out>
  </testcase>
  <testcase name="whitespaceHandling" classname="SyntaxTest.ParserTest" time="0.001">
    <system-out><![CDATA[Starting parse process with tokens:
]]></system-out>
  </testcase>
  <testcase name="incompleteVarTest" classname="SyntaxTest.ParserTest" time="0.0">
    <system-out><![CDATA[Starting parse process with tokens:
]]></system-out>
  </testcase>
  <testcase name="validPrintTest1" classname="SyntaxTest.ParserTest" time="0.001">
    <system-out><![CDATA[Starting parse process with tokens:
]]></system-out>
  </testcase>
  <testcase name="validPrintTest2" classname="SyntaxTest.ParserTest" time="0.0">
    <system-out><![CDATA[Starting parse process with tokens:
]]></system-out>
  </testcase>
</testsuite>